{"D:\\Projetos\\estudos\\src\\main.tsx": {"path":"D:\\Projetos\\estudos\\src\\main.tsx","statementMap":{"0":{"start":{"line":1,"column":0},"end":{"line":1,"column":40}},"1":{"start":{"line":2,"column":0},"end":{"line":2,"column":45}},"2":{"start":{"line":3,"column":0},"end":{"line":3,"column":49}},"3":{"start":{"line":4,"column":0},"end":{"line":4,"column":39}},"4":{"start":{"line":5,"column":0},"end":{"line":5,"column":53}},"5":{"start":{"line":6,"column":0},"end":{"line":6,"column":48}},"6":{"start":{"line":8,"column":0},"end":{"line":8,"column":47}},"7":{"start":{"line":9,"column":0},"end":{"line":9,"column":24}},"8":{"start":{"line":10,"column":0},"end":{"line":10,"column":61}},"9":{"start":{"line":11,"column":0},"end":{"line":11,"column":96}},"10":{"start":{"line":13,"column":0},"end":{"line":31,"column":2}}},"fnMap":{},"branchMap":{},"s":{"0":0,"1":0,"2":0,"3":0,"4":0,"5":0,"6":0,"7":0,"8":0,"9":0,"10":0},"f":{},"b":{}}
,"D:\\Projetos\\estudos\\src\\data\\protocols\\http\\http-client.ts": {"path":"D:\\Projetos\\estudos\\src\\data\\protocols\\http\\http-client.ts","statementMap":{"0":{"start":{"line":53,"column":0},"end":{"line":53,"column":null}},"1":{"start":{"line":54,"column":2},"end":{"line":54,"column":null}},"2":{"start":{"line":55,"column":2},"end":{"line":55,"column":null}},"3":{"start":{"line":56,"column":2},"end":{"line":56,"column":null}},"4":{"start":{"line":57,"column":2},"end":{"line":57,"column":null}},"5":{"start":{"line":58,"column":2},"end":{"line":58,"column":null}},"6":{"start":{"line":59,"column":2},"end":{"line":59,"column":null}},"7":{"start":{"line":60,"column":2},"end":{"line":60,"column":null}},"8":{"start":{"line":61,"column":2},"end":{"line":61,"column":null}}},"fnMap":{"0":{"name":"(anonymous_0)","decl":{"start":{"line":53,"column":0},"end":{"line":53,"column":12}},"loc":{"start":{"line":53,"column":26},"end":{"line":62,"column":1}}}},"branchMap":{"0":{"loc":{"start":{"line":53,"column":12},"end":{"line":53,"column":null}},"type":"binary-expr","locations":[{"start":{"line":53,"column":12},"end":{"line":53,"column":26}},{"start":{"line":53,"column":26},"end":{"line":53,"column":null}}]}},"s":{"0":8,"1":8,"2":8,"3":8,"4":8,"5":8,"6":8,"7":8,"8":8},"f":{"0":8},"b":{"0":[8,8]}}
,"D:\\Projetos\\estudos\\src\\data\\usecases\\authentication\\authentication-user.ts": {"path":"D:\\Projetos\\estudos\\src\\data\\usecases\\authentication\\authentication-user.ts","statementMap":{"0":{"start":{"line":5,"column":14},"end":{"line":5,"column":70}},"1":{"start":{"line":10,"column":21},"end":{"line":10,"column":66}},"2":{"start":{"line":12,"column":4},"end":{"line":12,"column":20}},"3":{"start":{"line":4,"column":0},"end":{"line":4,"column":13}}},"fnMap":{"0":{"name":"(anonymous_0)","decl":{"start":{"line":5,"column":2},"end":{"line":5,"column":14}},"loc":{"start":{"line":5,"column":67},"end":{"line":5,"column":71}}},"1":{"name":"(anonymous_1)","decl":{"start":{"line":7,"column":2},"end":{"line":7,"column":7}},"loc":{"start":{"line":8,"column":33},"end":{"line":13,"column":3}}}},"branchMap":{},"s":{"0":1,"1":0,"2":0,"3":1},"f":{"0":1,"1":0},"b":{}}
,"D:\\Projetos\\estudos\\src\\data\\usecases\\remote\\remote-authentication.ts": {"path":"D:\\Projetos\\estudos\\src\\data\\usecases\\remote\\remote-authentication.ts","statementMap":{"0":{"start":{"line":1,"column":0},"end":{"line":1,"column":66}},"1":{"start":{"line":2,"column":0},"end":{"line":2,"column":69}},"2":{"start":{"line":3,"column":0},"end":{"line":3,"column":69}},"3":{"start":{"line":4,"column":0},"end":{"line":4,"column":66}},"4":{"start":{"line":6,"column":0},"end":{"line":6,"column":null}},"5":{"start":{"line":15,"column":4},"end":{"line":15,"column":null}},"6":{"start":{"line":21,"column":25},"end":{"line":25,"column":6}},"7":{"start":{"line":27,"column":4},"end":{"line":40,"column":5}},"8":{"start":{"line":29,"column":8},"end":{"line":29,"column":33}},"9":{"start":{"line":31,"column":8},"end":{"line":31,"column":38}},"10":{"start":{"line":33,"column":8},"end":{"line":33,"column":40}},"11":{"start":{"line":35,"column":8},"end":{"line":37,"column":10}},"12":{"start":{"line":39,"column":8},"end":{"line":39,"column":36}},"13":{"start":{"line":13,"column":0},"end":{"line":13,"column":13}}},"fnMap":{"0":{"name":"(anonymous_0)","decl":{"start":{"line":14,"column":2},"end":{"line":14,"column":null}},"loc":{"start":{"line":15,"column":90},"end":{"line":16,"column":6}}},"1":{"name":"(anonymous_1)","decl":{"start":{"line":18,"column":2},"end":{"line":18,"column":7}},"loc":{"start":{"line":19,"column":33},"end":{"line":41,"column":3}}}},"branchMap":{"0":{"loc":{"start":{"line":27,"column":4},"end":{"line":40,"column":5}},"type":"switch","locations":[{"start":{"line":28,"column":6},"end":{"line":29,"column":33}},{"start":{"line":30,"column":6},"end":{"line":31,"column":38}},{"start":{"line":32,"column":6},"end":{"line":33,"column":40}},{"start":{"line":34,"column":6},"end":{"line":37,"column":10}},{"start":{"line":38,"column":6},"end":{"line":39,"column":36}}]}},"s":{"0":2,"1":2,"2":2,"3":2,"4":2,"5":4,"6":3,"7":3,"8":2,"9":1,"10":0,"11":0,"12":0,"13":2},"f":{"0":4,"1":3},"b":{"0":[2,1,0,0,0]}}
,"D:\\Projetos\\estudos\\src\\data\\usecases\\remote\\remote-products.ts": {"path":"D:\\Projetos\\estudos\\src\\data\\usecases\\remote\\remote-products.ts","statementMap":{"0":{"start":{"line":1,"column":0},"end":{"line":1,"column":66}},"1":{"start":{"line":2,"column":0},"end":{"line":2,"column":69}},"2":{"start":{"line":3,"column":0},"end":{"line":3,"column":69}},"3":{"start":{"line":4,"column":0},"end":{"line":4,"column":66}},"4":{"start":{"line":5,"column":0},"end":{"line":5,"column":72}},"5":{"start":{"line":8,"column":0},"end":{"line":8,"column":null}},"6":{"start":{"line":16,"column":4},"end":{"line":19,"column":null}},"7":{"start":{"line":23,"column":25},"end":{"line":27,"column":6}},"8":{"start":{"line":30,"column":4},"end":{"line":43,"column":5}},"9":{"start":{"line":32,"column":8},"end":{"line":32,"column":33}},"10":{"start":{"line":34,"column":8},"end":{"line":34,"column":38}},"11":{"start":{"line":36,"column":8},"end":{"line":36,"column":40}},"12":{"start":{"line":38,"column":8},"end":{"line":38,"column":36}},"13":{"start":{"line":40,"column":8},"end":{"line":40,"column":39}},"14":{"start":{"line":42,"column":8},"end":{"line":42,"column":36}},"15":{"start":{"line":47,"column":25},"end":{"line":50,"column":6}},"16":{"start":{"line":52,"column":4},"end":{"line":65,"column":5}},"17":{"start":{"line":54,"column":8},"end":{"line":54,"column":33}},"18":{"start":{"line":56,"column":8},"end":{"line":56,"column":38}},"19":{"start":{"line":58,"column":8},"end":{"line":58,"column":40}},"20":{"start":{"line":60,"column":8},"end":{"line":60,"column":36}},"21":{"start":{"line":62,"column":8},"end":{"line":62,"column":74}},"22":{"start":{"line":64,"column":8},"end":{"line":64,"column":36}},"23":{"start":{"line":69,"column":25},"end":{"line":73,"column":6}},"24":{"start":{"line":75,"column":4},"end":{"line":88,"column":5}},"25":{"start":{"line":77,"column":8},"end":{"line":77,"column":33}},"26":{"start":{"line":79,"column":8},"end":{"line":79,"column":38}},"27":{"start":{"line":81,"column":8},"end":{"line":81,"column":40}},"28":{"start":{"line":83,"column":8},"end":{"line":83,"column":36}},"29":{"start":{"line":85,"column":8},"end":{"line":85,"column":39}},"30":{"start":{"line":87,"column":8},"end":{"line":87,"column":36}},"31":{"start":{"line":92,"column":25},"end":{"line":96,"column":6}},"32":{"start":{"line":98,"column":4},"end":{"line":111,"column":5}},"33":{"start":{"line":100,"column":8},"end":{"line":100,"column":33}},"34":{"start":{"line":102,"column":8},"end":{"line":102,"column":38}},"35":{"start":{"line":104,"column":8},"end":{"line":104,"column":40}},"36":{"start":{"line":106,"column":8},"end":{"line":106,"column":36}},"37":{"start":{"line":108,"column":8},"end":{"line":108,"column":39}},"38":{"start":{"line":110,"column":8},"end":{"line":110,"column":36}},"39":{"start":{"line":14,"column":0},"end":{"line":14,"column":13}}},"fnMap":{"0":{"name":"(anonymous_0)","decl":{"start":{"line":15,"column":2},"end":{"line":15,"column":null}},"loc":{"start":{"line":19,"column":5},"end":{"line":20,"column":6}}},"1":{"name":"(anonymous_1)","decl":{"start":{"line":22,"column":2},"end":{"line":22,"column":7}},"loc":{"start":{"line":22,"column":37},"end":{"line":44,"column":3}}},"2":{"name":"(anonymous_2)","decl":{"start":{"line":46,"column":2},"end":{"line":46,"column":7}},"loc":{"start":{"line":46,"column":12},"end":{"line":66,"column":3}}},"3":{"name":"(anonymous_3)","decl":{"start":{"line":68,"column":2},"end":{"line":68,"column":7}},"loc":{"start":{"line":68,"column":36},"end":{"line":89,"column":3}}},"4":{"name":"(anonymous_4)","decl":{"start":{"line":91,"column":2},"end":{"line":91,"column":7}},"loc":{"start":{"line":91,"column":40},"end":{"line":112,"column":3}}}},"branchMap":{"0":{"loc":{"start":{"line":30,"column":4},"end":{"line":43,"column":5}},"type":"switch","locations":[{"start":{"line":31,"column":6},"end":{"line":32,"column":33}},{"start":{"line":33,"column":6},"end":{"line":34,"column":38}},{"start":{"line":35,"column":6},"end":{"line":36,"column":40}},{"start":{"line":37,"column":6},"end":{"line":38,"column":36}},{"start":{"line":39,"column":6},"end":{"line":40,"column":39}},{"start":{"line":41,"column":6},"end":{"line":42,"column":36}}]},"1":{"loc":{"start":{"line":52,"column":4},"end":{"line":65,"column":5}},"type":"switch","locations":[{"start":{"line":53,"column":6},"end":{"line":54,"column":33}},{"start":{"line":55,"column":6},"end":{"line":56,"column":38}},{"start":{"line":57,"column":6},"end":{"line":58,"column":40}},{"start":{"line":59,"column":6},"end":{"line":60,"column":36}},{"start":{"line":61,"column":6},"end":{"line":62,"column":74}},{"start":{"line":63,"column":6},"end":{"line":64,"column":36}}]},"2":{"loc":{"start":{"line":75,"column":4},"end":{"line":88,"column":5}},"type":"switch","locations":[{"start":{"line":76,"column":6},"end":{"line":77,"column":33}},{"start":{"line":78,"column":6},"end":{"line":79,"column":38}},{"start":{"line":80,"column":6},"end":{"line":81,"column":40}},{"start":{"line":82,"column":6},"end":{"line":83,"column":36}},{"start":{"line":84,"column":6},"end":{"line":85,"column":39}},{"start":{"line":86,"column":6},"end":{"line":87,"column":36}}]},"3":{"loc":{"start":{"line":98,"column":4},"end":{"line":111,"column":5}},"type":"switch","locations":[{"start":{"line":99,"column":6},"end":{"line":100,"column":33}},{"start":{"line":101,"column":6},"end":{"line":102,"column":38}},{"start":{"line":103,"column":6},"end":{"line":104,"column":40}},{"start":{"line":105,"column":6},"end":{"line":106,"column":36}},{"start":{"line":107,"column":6},"end":{"line":108,"column":39}},{"start":{"line":109,"column":6},"end":{"line":110,"column":36}}]}},"s":{"0":2,"1":2,"2":2,"3":2,"4":2,"5":2,"6":10,"7":2,"8":2,"9":1,"10":0,"11":0,"12":0,"13":1,"14":0,"15":2,"16":2,"17":1,"18":0,"19":0,"20":0,"21":1,"22":0,"23":2,"24":2,"25":1,"26":0,"27":0,"28":0,"29":1,"30":0,"31":2,"32":2,"33":1,"34":0,"35":0,"36":0,"37":1,"38":0,"39":2},"f":{"0":10,"1":2,"2":2,"3":2,"4":2},"b":{"0":[1,0,0,0,1,0],"1":[1,0,0,0,1,0],"2":[1,0,0,0,1,0],"3":[1,0,0,0,1,0]}}
,"D:\\Projetos\\estudos\\src\\data\\usecases\\remote\\remote-user.ts": {"path":"D:\\Projetos\\estudos\\src\\data\\usecases\\remote\\remote-user.ts","statementMap":{"0":{"start":{"line":1,"column":0},"end":{"line":1,"column":66}},"1":{"start":{"line":2,"column":0},"end":{"line":2,"column":69}},"2":{"start":{"line":3,"column":0},"end":{"line":3,"column":69}},"3":{"start":{"line":4,"column":0},"end":{"line":4,"column":66}},"4":{"start":{"line":5,"column":0},"end":{"line":5,"column":null}},"5":{"start":{"line":14,"column":4},"end":{"line":14,"column":null}},"6":{"start":{"line":18,"column":25},"end":{"line":21,"column":6}},"7":{"start":{"line":23,"column":4},"end":{"line":35,"column":5}},"8":{"start":{"line":25,"column":8},"end":{"line":25,"column":null}},"9":{"start":{"line":27,"column":8},"end":{"line":27,"column":38}},"10":{"start":{"line":29,"column":8},"end":{"line":29,"column":40}},"11":{"start":{"line":31,"column":8},"end":{"line":31,"column":91}},"12":{"start":{"line":34,"column":8},"end":{"line":34,"column":36}},"13":{"start":{"line":12,"column":0},"end":{"line":12,"column":13}}},"fnMap":{"0":{"name":"(anonymous_0)","decl":{"start":{"line":13,"column":2},"end":{"line":13,"column":null}},"loc":{"start":{"line":14,"column":55},"end":{"line":15,"column":6}}},"1":{"name":"(anonymous_1)","decl":{"start":{"line":17,"column":2},"end":{"line":17,"column":7}},"loc":{"start":{"line":17,"column":10},"end":{"line":36,"column":3}}}},"branchMap":{"0":{"loc":{"start":{"line":23,"column":4},"end":{"line":35,"column":5}},"type":"switch","locations":[{"start":{"line":24,"column":6},"end":{"line":25,"column":null}},{"start":{"line":26,"column":6},"end":{"line":27,"column":38}},{"start":{"line":28,"column":6},"end":{"line":29,"column":40}},{"start":{"line":30,"column":6},"end":{"line":31,"column":91}},{"start":{"line":33,"column":6},"end":{"line":34,"column":36}}]}},"s":{"0":2,"1":2,"2":2,"3":2,"4":2,"5":3,"6":2,"7":2,"8":1,"9":0,"10":0,"11":0,"12":1,"13":2},"f":{"0":3,"1":2},"b":{"0":[1,0,0,0,1]}}
,"D:\\Projetos\\estudos\\src\\domain\\errors\\PermissonGate.ts": {"path":"D:\\Projetos\\estudos\\src\\domain\\errors\\PermissonGate.ts","statementMap":{"0":{"start":{"line":3,"column":4},"end":{"line":3,"column":null}},"1":{"start":{"line":1,"column":0},"end":{"line":1,"column":13}}},"fnMap":{"0":{"name":"(anonymous_0)","decl":{"start":{"line":2,"column":2},"end":{"line":2,"column":14}},"loc":{"start":{"line":2,"column":33},"end":{"line":4,"column":3}}}},"branchMap":{},"s":{"0":0,"1":0},"f":{"0":0},"b":{}}
,"D:\\Projetos\\estudos\\src\\domain\\errors\\UnprocessableError.ts": {"path":"D:\\Projetos\\estudos\\src\\domain\\errors\\UnprocessableError.ts","statementMap":{"0":{"start":{"line":3,"column":4},"end":{"line":3,"column":null}},"1":{"start":{"line":1,"column":0},"end":{"line":1,"column":13}}},"fnMap":{"0":{"name":"(anonymous_0)","decl":{"start":{"line":2,"column":2},"end":{"line":2,"column":14}},"loc":{"start":{"line":2,"column":33},"end":{"line":4,"column":3}}}},"branchMap":{},"s":{"0":8,"1":2},"f":{"0":8},"b":{}}
,"D:\\Projetos\\estudos\\src\\domain\\errors\\badRequestError.ts": {"path":"D:\\Projetos\\estudos\\src\\domain\\errors\\badRequestError.ts","statementMap":{"0":{"start":{"line":3,"column":4},"end":{"line":3,"column":null}},"1":{"start":{"line":1,"column":0},"end":{"line":1,"column":13}}},"fnMap":{"0":{"name":"(anonymous_0)","decl":{"start":{"line":2,"column":2},"end":{"line":2,"column":14}},"loc":{"start":{"line":2,"column":33},"end":{"line":4,"column":3}}}},"branchMap":{},"s":{"0":0,"1":5},"f":{"0":0},"b":{}}
,"D:\\Projetos\\estudos\\src\\domain\\errors\\noContent.ts": {"path":"D:\\Projetos\\estudos\\src\\domain\\errors\\noContent.ts","statementMap":{"0":{"start":{"line":3,"column":4},"end":{"line":3,"column":null}},"1":{"start":{"line":1,"column":0},"end":{"line":1,"column":13}}},"fnMap":{"0":{"name":"(anonymous_0)","decl":{"start":{"line":2,"column":2},"end":{"line":2,"column":14}},"loc":{"start":{"line":2,"column":33},"end":{"line":4,"column":3}}}},"branchMap":{},"s":{"0":0,"1":0},"f":{"0":0},"b":{}}
,"D:\\Projetos\\estudos\\src\\domain\\errors\\requestTimeout.ts": {"path":"D:\\Projetos\\estudos\\src\\domain\\errors\\requestTimeout.ts","statementMap":{"0":{"start":{"line":3,"column":4},"end":{"line":3,"column":null}},"1":{"start":{"line":1,"column":0},"end":{"line":1,"column":13}}},"fnMap":{"0":{"name":"(anonymous_0)","decl":{"start":{"line":2,"column":2},"end":{"line":2,"column":null}},"loc":{"start":{"line":2,"column":2},"end":{"line":4,"column":3}}}},"branchMap":{},"s":{"0":0,"1":5},"f":{"0":0},"b":{}}
,"D:\\Projetos\\estudos\\src\\domain\\errors\\unathorizedError.ts": {"path":"D:\\Projetos\\estudos\\src\\domain\\errors\\unathorizedError.ts","statementMap":{"0":{"start":{"line":3,"column":4},"end":{"line":3,"column":null}},"1":{"start":{"line":1,"column":0},"end":{"line":1,"column":13}}},"fnMap":{"0":{"name":"(anonymous_0)","decl":{"start":{"line":2,"column":3},"end":{"line":2,"column":15}},"loc":{"start":{"line":2,"column":34},"end":{"line":4,"column":3}}}},"branchMap":{},"s":{"0":2,"1":5},"f":{"0":2},"b":{}}
,"D:\\Projetos\\estudos\\src\\domain\\errors\\unexpectedError.ts": {"path":"D:\\Projetos\\estudos\\src\\domain\\errors\\unexpectedError.ts","statementMap":{"0":{"start":{"line":3,"column":4},"end":{"line":3,"column":null}},"1":{"start":{"line":1,"column":0},"end":{"line":1,"column":13}}},"fnMap":{"0":{"name":"(anonymous_0)","decl":{"start":{"line":2,"column":2},"end":{"line":2,"column":null}},"loc":{"start":{"line":2,"column":2},"end":{"line":4,"column":3}}}},"branchMap":{},"s":{"0":2,"1":5},"f":{"0":2},"b":{}}
,"D:\\Projetos\\estudos\\src\\domain\\models\\product.ts": {"path":"D:\\Projetos\\estudos\\src\\domain\\models\\product.ts","statementMap":{"0":{"start":{"line":10,"column":0},"end":{"line":10,"column":null}},"1":{"start":{"line":11,"column":2},"end":{"line":11,"column":null}},"2":{"start":{"line":12,"column":2},"end":{"line":12,"column":null}},"3":{"start":{"line":13,"column":2},"end":{"line":13,"column":null}}},"fnMap":{"0":{"name":"(anonymous_0)","decl":{"start":{"line":10,"column":0},"end":{"line":10,"column":12}},"loc":{"start":{"line":10,"column":18},"end":{"line":14,"column":1}}}},"branchMap":{"0":{"loc":{"start":{"line":10,"column":12},"end":{"line":10,"column":null}},"type":"binary-expr","locations":[{"start":{"line":10,"column":12},"end":{"line":10,"column":18}},{"start":{"line":10,"column":18},"end":{"line":10,"column":null}}]}},"s":{"0":1,"1":1,"2":1,"3":1},"f":{"0":1},"b":{"0":[1,1]}}
,"D:\\Projetos\\estudos\\src\\infra\\axios-http-client\\index.tsx": {"path":"D:\\Projetos\\estudos\\src\\infra\\axios-http-client\\index.tsx","statementMap":{"0":{"start":{"line":2,"column":0},"end":{"line":2,"column":44}},"1":{"start":{"line":3,"column":0},"end":{"line":3,"column":105}},"2":{"start":{"line":7,"column":4},"end":{"line":7,"column":null}},"3":{"start":{"line":12,"column":4},"end":{"line":27,"column":5}},"4":{"start":{"line":13,"column":6},"end":{"line":19,"column":null}},"5":{"start":{"line":21,"column":6},"end":{"line":25,"column":7}},"6":{"start":{"line":22,"column":8},"end":{"line":24,"column":null}},"7":{"start":{"line":26,"column":6},"end":{"line":26,"column":null}},"8":{"start":{"line":28,"column":4},"end":{"line":34,"column":5}},"9":{"start":{"line":29,"column":6},"end":{"line":33,"column":null}},"10":{"start":{"line":38,"column":4},"end":{"line":42,"column":null}},"11":{"start":{"line":5,"column":0},"end":{"line":5,"column":13}}},"fnMap":{"0":{"name":"(anonymous_0)","decl":{"start":{"line":6,"column":2},"end":{"line":6,"column":null}},"loc":{"start":{"line":7,"column":36},"end":{"line":8,"column":5}}},"1":{"name":"(anonymous_1)","decl":{"start":{"line":10,"column":2},"end":{"line":10,"column":7}},"loc":{"start":{"line":10,"column":34},"end":{"line":43,"column":3}}}},"branchMap":{"0":{"loc":{"start":{"line":21,"column":6},"end":{"line":25,"column":7}},"type":"if","locations":[{"start":{"line":21,"column":6},"end":{"line":25,"column":7}}]},"1":{"loc":{"start":{"line":28,"column":4},"end":{"line":34,"column":5}},"type":"if","locations":[{"start":{"line":28,"column":4},"end":{"line":34,"column":5}}]}},"s":{"0":1,"1":1,"2":2,"3":2,"4":2,"5":0,"6":0,"7":0,"8":2,"9":0,"10":2,"11":1},"f":{"0":2,"1":2},"b":{"0":[0],"1":[0]}}
,"D:\\Projetos\\estudos\\src\\infra\\redux-store\\store.ts": {"path":"D:\\Projetos\\estudos\\src\\infra\\redux-store\\store.ts","statementMap":{"0":{"start":{"line":1,"column":0},"end":{"line":1,"column":67}},"1":{"start":{"line":2,"column":0},"end":{"line":2,"column":48}},"2":{"start":{"line":3,"column":0},"end":{"line":3,"column":65}},"3":{"start":{"line":4,"column":0},"end":{"line":4,"column":61}},"4":{"start":{"line":6,"column":22},"end":{"line":10,"column":2}},"5":{"start":{"line":12,"column":16},"end":{"line":14,"column":2}},"6":{"start":{"line":16,"column":26},"end":{"line":16,"column":64}},"7":{"start":{"line":18,"column":13},"end":{"line":26,"column":3}},"8":{"start":{"line":23,"column":4},"end":{"line":25,"column":6}},"9":{"start":{"line":28,"column":13},"end":{"line":28,"column":45}}},"fnMap":{"0":{"name":"(anonymous_0)","decl":{"start":{"line":22,"column":14},"end":{"line":22,"column":15}},"loc":{"start":{"line":23,"column":4},"end":{"line":25,"column":6}}}},"branchMap":{},"s":{"0":4,"1":4,"2":4,"3":4,"4":4,"5":4,"6":4,"7":4,"8":4,"9":4},"f":{"0":4},"b":{}}
,"D:\\Projetos\\estudos\\src\\infra\\redux-store\\reducers\\authentication-user-reducer.ts": {"path":"D:\\Projetos\\estudos\\src\\infra\\redux-store\\reducers\\authentication-user-reducer.ts","statementMap":{"0":{"start":{"line":1,"column":0},"end":{"line":1,"column":62}},"1":{"start":{"line":4,"column":33},"end":{"line":11,"column":null}},"2":{"start":{"line":13,"column":18},"end":{"line":24,"column":2}},"3":{"start":{"line":18,"column":6},"end":{"line":18,"column":null}},"4":{"start":{"line":21,"column":6},"end":{"line":21,"column":26}},"5":{"start":{"line":26,"column":13},"end":{"line":26,"column":50}},"6":{"start":{"line":28,"column":0},"end":{"line":28,"column":33}}},"fnMap":{"0":{"name":"(anonymous_0)","decl":{"start":{"line":17,"column":20},"end":{"line":17,"column":21}},"loc":{"start":{"line":17,"column":61},"end":{"line":19,"column":5}}},"1":{"name":"(anonymous_1)","decl":{"start":{"line":20,"column":22},"end":{"line":20,"column":25}},"loc":{"start":{"line":20,"column":27},"end":{"line":22,"column":5}}}},"branchMap":{},"s":{"0":4,"1":4,"2":4,"3":0,"4":0,"5":4,"6":4},"f":{"0":0,"1":0},"b":{}}
,"D:\\Projetos\\estudos\\src\\infra\\storage\\local-storage.ts": {"path":"D:\\Projetos\\estudos\\src\\infra\\storage\\local-storage.ts","statementMap":{"0":{"start":{"line":5,"column":4},"end":{"line":9,"column":5}},"1":{"start":{"line":6,"column":6},"end":{"line":6,"column":null}},"2":{"start":{"line":8,"column":6},"end":{"line":8,"column":null}},"3":{"start":{"line":13,"column":4},"end":{"line":13,"column":null}},"4":{"start":{"line":3,"column":0},"end":{"line":3,"column":13}}},"fnMap":{"0":{"name":"(anonymous_0)","decl":{"start":{"line":4,"column":2},"end":{"line":4,"column":5}},"loc":{"start":{"line":4,"column":34},"end":{"line":10,"column":3}}},"1":{"name":"(anonymous_1)","decl":{"start":{"line":12,"column":2},"end":{"line":12,"column":5}},"loc":{"start":{"line":12,"column":18},"end":{"line":14,"column":3}}}},"branchMap":{"0":{"loc":{"start":{"line":5,"column":4},"end":{"line":9,"column":5}},"type":"if","locations":[{"start":{"line":5,"column":4},"end":{"line":9,"column":5}},{"start":{"line":7,"column":11},"end":{"line":9,"column":5}}]}},"s":{"0":0,"1":0,"2":0,"3":0,"4":1},"f":{"0":0,"1":0},"b":{"0":[0,0]}}
,"D:\\Projetos\\estudos\\src\\presentation\\components\\Input.tsx": {"path":"D:\\Projetos\\estudos\\src\\presentation\\components\\Input.tsx","statementMap":{"0":{"start":{"line":1,"column":0},"end":{"line":1,"column":51}},"1":{"start":{"line":5,"column":13},"end":{"line":9,"column":2}},"2":{"start":{"line":7,"column":4},"end":{"line":7,"column":78}},"3":{"start":{"line":13,"column":13},"end":{"line":30,"column":2}},"4":{"start":{"line":15,"column":24},"end":{"line":15,"column":29}},"5":{"start":{"line":17,"column":4},"end":{"line":28,"column":6}},"6":{"start":{"line":23,"column":10},"end":{"line":23,"column":36}},"7":{"start":{"line":37,"column":13},"end":{"line":56,"column":2}},"8":{"start":{"line":39,"column":4},"end":{"line":54,"column":6}}},"fnMap":{"0":{"name":"(anonymous_0)","decl":{"start":{"line":6,"column":2},"end":{"line":6,"column":3}},"loc":{"start":{"line":6,"column":17},"end":{"line":8,"column":3}}},"1":{"name":"(anonymous_1)","decl":{"start":{"line":14,"column":2},"end":{"line":14,"column":3}},"loc":{"start":{"line":14,"column":17},"end":{"line":29,"column":3}}},"2":{"name":"(anonymous_2)","decl":{"start":{"line":22,"column":17},"end":{"line":22,"column":18}},"loc":{"start":{"line":22,"column":23},"end":{"line":24,"column":9}}},"3":{"name":"(anonymous_3)","decl":{"start":{"line":38,"column":2},"end":{"line":38,"column":3}},"loc":{"start":{"line":38,"column":43},"end":{"line":55,"column":3}}}},"branchMap":{"0":{"loc":{"start":{"line":43,"column":83},"end":{"line":43,"column":111}},"type":"cond-expr","locations":[{"start":{"line":43,"column":91},"end":{"line":43,"column":106}},{"start":{"line":43,"column":109},"end":{"line":43,"column":111}}]},"1":{"loc":{"start":{"line":45,"column":23},"end":{"line":45,"column":50}},"type":"cond-expr","locations":[{"start":{"line":45,"column":31},"end":{"line":45,"column":40}},{"start":{"line":45,"column":43},"end":{"line":45,"column":50}}]},"2":{"loc":{"start":{"line":48,"column":9},"end":{"line":51,"column":null}},"type":"binary-expr","locations":[{"start":{"line":48,"column":9},"end":{"line":48,"column":14}},{"start":{"line":49,"column":10},"end":{"line":50,"column":null}}]}},"s":{"0":3,"1":3,"2":1,"3":3,"4":17,"5":17,"6":1,"7":3,"8":17},"f":{"0":1,"1":17,"2":1,"3":17},"b":{"0":[1,16],"1":[1,16],"2":[17,1]}}
,"D:\\Projetos\\estudos\\src\\presentation\\components\\Loading.tsx": {"path":"D:\\Projetos\\estudos\\src\\presentation\\components\\Loading.tsx","statementMap":{"0":{"start":{"line":3,"column":2},"end":{"line":8,"column":4}},"1":{"start":{"line":2,"column":0},"end":{"line":2,"column":16}}},"fnMap":{"0":{"name":"Loading","decl":{"start":{"line":2,"column":16},"end":{"line":2,"column":23}},"loc":{"start":{"line":2,"column":23},"end":{"line":9,"column":1}}}},"branchMap":{},"s":{"0":0,"1":0},"f":{"0":0},"b":{}}
,"D:\\Projetos\\estudos\\src\\presentation\\components\\WatchVerifyExpiresToken.tsx": {"path":"D:\\Projetos\\estudos\\src\\presentation\\components\\WatchVerifyExpiresToken.tsx","statementMap":{"0":{"start":{"line":2,"column":0},"end":{"line":2,"column":71}},"1":{"start":{"line":3,"column":0},"end":{"line":3,"column":74}},"2":{"start":{"line":4,"column":0},"end":{"line":4,"column":66}},"3":{"start":{"line":5,"column":0},"end":{"line":5,"column":39}},"4":{"start":{"line":9,"column":18},"end":{"line":9,"column":41}},"5":{"start":{"line":11,"column":24},"end":{"line":11,"column":52}},"6":{"start":{"line":12,"column":16},"end":{"line":12,"column":40}},"7":{"start":{"line":14,"column":21},"end":{"line":14,"column":41}},"8":{"start":{"line":16,"column":2},"end":{"line":21,"column":3}},"9":{"start":{"line":17,"column":4},"end":{"line":20,"column":5}},"10":{"start":{"line":18,"column":6},"end":{"line":18,"column":15}},"11":{"start":{"line":19,"column":6},"end":{"line":19,"column":null}},"12":{"start":{"line":23,"column":2},"end":{"line":23,"column":18}},"13":{"start":{"line":7,"column":0},"end":{"line":7,"column":16}}},"fnMap":{"0":{"name":"WatchVerifyExpiresToken","decl":{"start":{"line":7,"column":16},"end":{"line":7,"column":39}},"loc":{"start":{"line":7,"column":71},"end":{"line":24,"column":1}}}},"branchMap":{"0":{"loc":{"start":{"line":16,"column":2},"end":{"line":21,"column":3}},"type":"if","locations":[{"start":{"line":16,"column":2},"end":{"line":21,"column":3}}]},"1":{"loc":{"start":{"line":17,"column":4},"end":{"line":20,"column":5}},"type":"if","locations":[{"start":{"line":17,"column":4},"end":{"line":20,"column":5}}]}},"s":{"0":0,"1":0,"2":0,"3":0,"4":0,"5":0,"6":0,"7":0,"8":0,"9":0,"10":0,"11":0,"12":0,"13":0},"f":{"0":0},"b":{"0":[0],"1":[0]}}
,"D:\\Projetos\\estudos\\src\\presentation\\components\\Badge\\index.tsx": {"path":"D:\\Projetos\\estudos\\src\\presentation\\components\\Badge\\index.tsx","statementMap":{"0":{"start":{"line":2,"column":0},"end":{"line":2,"column":23}},"1":{"start":{"line":5,"column":24},"end":{"line":9,"column":4}},"2":{"start":{"line":11,"column":25},"end":{"line":11,"column":73}},"3":{"start":{"line":11,"column":54},"end":{"line":11,"column":72}},"4":{"start":{"line":13,"column":2},"end":{"line":15,"column":3}},"5":{"start":{"line":14,"column":4},"end":{"line":14,"column":16}},"6":{"start":{"line":17,"column":2},"end":{"line":21,"column":4}},"7":{"start":{"line":4,"column":0},"end":{"line":4,"column":16}}},"fnMap":{"0":{"name":"Badge","decl":{"start":{"line":4,"column":16},"end":{"line":4,"column":21}},"loc":{"start":{"line":4,"column":52},"end":{"line":22,"column":1}}},"1":{"name":"(anonymous_1)","decl":{"start":{"line":11,"column":44},"end":{"line":11,"column":45}},"loc":{"start":{"line":11,"column":54},"end":{"line":11,"column":72}}}},"branchMap":{"0":{"loc":{"start":{"line":13,"column":2},"end":{"line":15,"column":3}},"type":"if","locations":[{"start":{"line":13,"column":2},"end":{"line":15,"column":3}}]}},"s":{"0":2,"1":5,"2":5,"3":10,"4":5,"5":1,"6":4,"7":2},"f":{"0":5,"1":10},"b":{"0":[1]}}
,"D:\\Projetos\\estudos\\src\\presentation\\components\\Button\\index.tsx": {"path":"D:\\Projetos\\estudos\\src\\presentation\\components\\Button\\index.tsx","statementMap":{"0":{"start":{"line":11,"column":19},"end":{"line":17,"column":null}},"1":{"start":{"line":19,"column":26},"end":{"line":19,"column":70}},"2":{"start":{"line":19,"column":48},"end":{"line":19,"column":69}},"3":{"start":{"line":21,"column":2},"end":{"line":25,"column":null}},"4":{"start":{"line":9,"column":0},"end":{"line":9,"column":16}}},"fnMap":{"0":{"name":"Button","decl":{"start":{"line":9,"column":16},"end":{"line":9,"column":22}},"loc":{"start":{"line":9,"column":100},"end":{"line":26,"column":1}}},"1":{"name":"(anonymous_1)","decl":{"start":{"line":19,"column":40},"end":{"line":19,"column":44}},"loc":{"start":{"line":19,"column":48},"end":{"line":19,"column":69}}}},"branchMap":{"0":{"loc":{"start":{"line":9,"column":44},"end":{"line":9,"column":64}},"type":"default-arg","locations":[{"start":{"line":9,"column":55},"end":{"line":9,"column":64}}]},"1":{"loc":{"start":{"line":23,"column":7},"end":{"line":23,"column":153}},"type":"cond-expr","locations":[{"start":{"line":23,"column":17},"end":{"line":23,"column":142}},{"start":{"line":23,"column":145},"end":{"line":23,"column":153}}]}},"s":{"0":19,"1":19,"2":66,"3":19,"4":5},"f":{"0":19,"1":66},"b":{"0":[7],"1":[1,18]}}
,"D:\\Projetos\\estudos\\src\\presentation\\components\\Header\\index.tsx": {"path":"D:\\Projetos\\estudos\\src\\presentation\\components\\Header\\index.tsx","statementMap":{"0":{"start":{"line":1,"column":0},"end":{"line":1,"column":74}},"1":{"start":{"line":2,"column":0},"end":{"line":2,"column":38}},"2":{"start":{"line":3,"column":0},"end":{"line":3,"column":35}},"3":{"start":{"line":4,"column":0},"end":{"line":4,"column":47}},"4":{"start":{"line":5,"column":0},"end":{"line":5,"column":28}},"5":{"start":{"line":9,"column":27},"end":{"line":9,"column":47}},"6":{"start":{"line":10,"column":19},"end":{"line":10,"column":32}},"7":{"start":{"line":12,"column":2},"end":{"line":33,"column":null}},"8":{"start":{"line":15,"column":76},"end":{"line":15,"column":89}},"9":{"start":{"line":7,"column":0},"end":{"line":7,"column":16}}},"fnMap":{"0":{"name":"Header","decl":{"start":{"line":7,"column":16},"end":{"line":7,"column":22}},"loc":{"start":{"line":7,"column":22},"end":{"line":34,"column":1}}},"1":{"name":"(anonymous_1)","decl":{"start":{"line":15,"column":70},"end":{"line":15,"column":73}},"loc":{"start":{"line":15,"column":76},"end":{"line":15,"column":89}}}},"branchMap":{},"s":{"0":1,"1":1,"2":1,"3":1,"4":1,"5":3,"6":3,"7":3,"8":0,"9":1},"f":{"0":3,"1":0},"b":{}}
,"D:\\Projetos\\estudos\\src\\presentation\\components\\Modal\\index.tsx": {"path":"D:\\Projetos\\estudos\\src\\presentation\\components\\Modal\\index.tsx","statementMap":{"0":{"start":{"line":1,"column":0},"end":{"line":1,"column":66}},"1":{"start":{"line":2,"column":0},"end":{"line":2,"column":35}},"2":{"start":{"line":6,"column":13},"end":{"line":35,"column":null}},"3":{"start":{"line":8,"column":32},"end":{"line":8,"column":78}},"4":{"start":{"line":10,"column":2},"end":{"line":14,"column":null}},"5":{"start":{"line":11,"column":4},"end":{"line":13,"column":null}},"6":{"start":{"line":12,"column":46},"end":{"line":12,"column":65}},"7":{"start":{"line":16,"column":2},"end":{"line":34,"column":null}},"8":{"start":{"line":29,"column":52},"end":{"line":29,"column":84}}},"fnMap":{"0":{"name":"(anonymous_0)","decl":{"start":{"line":6,"column":44},"end":{"line":6,"column":45}},"loc":{"start":{"line":6,"column":59},"end":{"line":35,"column":1}}},"1":{"name":"(anonymous_1)","decl":{"start":{"line":10,"column":27},"end":{"line":10,"column":30}},"loc":{"start":{"line":10,"column":32},"end":{"line":14,"column":3}}},"2":{"name":"(anonymous_2)","decl":{"start":{"line":12,"column":17},"end":{"line":12,"column":18}},"loc":{"start":{"line":12,"column":46},"end":{"line":12,"column":65}}},"3":{"name":"(anonymous_3)","decl":{"start":{"line":29,"column":46},"end":{"line":29,"column":49}},"loc":{"start":{"line":29,"column":52},"end":{"line":29,"column":84}}}},"branchMap":{},"s":{"0":0,"1":0,"2":0,"3":0,"4":0,"5":0,"6":0,"7":0,"8":0},"f":{"0":0,"1":0,"2":0,"3":0},"b":{}}
,"D:\\Projetos\\estudos\\src\\presentation\\components\\Table\\index.tsx": {"path":"D:\\Projetos\\estudos\\src\\presentation\\components\\Table\\index.tsx","statementMap":{"0":{"start":{"line":2,"column":0},"end":{"line":2,"column":67}},"1":{"start":{"line":3,"column":0},"end":{"line":3,"column":58}},"2":{"start":{"line":4,"column":0},"end":{"line":4,"column":43}},"3":{"start":{"line":5,"column":0},"end":{"line":5,"column":56}},"4":{"start":{"line":7,"column":0},"end":{"line":7,"column":31}},"5":{"start":{"line":9,"column":0},"end":{"line":9,"column":47}},"6":{"start":{"line":17,"column":19},"end":{"line":17,"column":32}},"7":{"start":{"line":19,"column":14},"end":{"line":19,"column":31}},"8":{"start":{"line":22,"column":4},"end":{"line":22,"column":36}},"9":{"start":{"line":26,"column":4},"end":{"line":30,"column":7}},"10":{"start":{"line":33,"column":2},"end":{"line":97,"column":4}},"11":{"start":{"line":51,"column":16},"end":{"line":51,"column":null}},"12":{"start":{"line":77,"column":39},"end":{"line":77,"column":73}},"13":{"start":{"line":84,"column":39},"end":{"line":84,"column":62}},"14":{"start":{"line":16,"column":0},"end":{"line":16,"column":16}}},"fnMap":{"0":{"name":"Table","decl":{"start":{"line":16,"column":16},"end":{"line":16,"column":21}},"loc":{"start":{"line":16,"column":47},"end":{"line":98,"column":1}}},"1":{"name":"openModalHandleDeleteProduct","decl":{"start":{"line":21,"column":11},"end":{"line":21,"column":39}},"loc":{"start":{"line":21,"column":63},"end":{"line":23,"column":3}}},"2":{"name":"handleEditProduct","decl":{"start":{"line":25,"column":11},"end":{"line":25,"column":28}},"loc":{"start":{"line":25,"column":52},"end":{"line":31,"column":3}}},"3":{"name":"(anonymous_3)","decl":{"start":{"line":50,"column":34},"end":{"line":50,"column":35}},"loc":{"start":{"line":51,"column":16},"end":{"line":51,"column":null}}},"4":{"name":"(anonymous_4)","decl":{"start":{"line":77,"column":33},"end":{"line":77,"column":36}},"loc":{"start":{"line":77,"column":39},"end":{"line":77,"column":73}}},"5":{"name":"(anonymous_5)","decl":{"start":{"line":84,"column":33},"end":{"line":84,"column":36}},"loc":{"start":{"line":84,"column":39},"end":{"line":84,"column":62}}}},"branchMap":{},"s":{"0":0,"1":0,"2":0,"3":0,"4":0,"5":0,"6":0,"7":0,"8":0,"9":0,"10":0,"11":0,"12":0,"13":0,"14":0},"f":{"0":0,"1":0,"2":0,"3":0,"4":0,"5":0},"b":{}}
,"D:\\Projetos\\estudos\\src\\presentation\\helpers\\formattedBRL.ts": {"path":"D:\\Projetos\\estudos\\src\\presentation\\helpers\\formattedBRL.ts","statementMap":{"0":{"start":{"line":2,"column":25},"end":{"line":5,"column":4}},"1":{"start":{"line":7,"column":2},"end":{"line":7,"column":null}},"2":{"start":{"line":1,"column":0},"end":{"line":1,"column":16}}},"fnMap":{"0":{"name":"formattedBRL","decl":{"start":{"line":1,"column":16},"end":{"line":1,"column":28}},"loc":{"start":{"line":1,"column":42},"end":{"line":8,"column":1}}}},"branchMap":{},"s":{"0":2,"1":2,"2":1},"f":{"0":2},"b":{}}
,"D:\\Projetos\\estudos\\src\\presentation\\helpers\\verifyDate.ts": {"path":"D:\\Projetos\\estudos\\src\\presentation\\helpers\\verifyDate.ts","statementMap":{"0":{"start":{"line":2,"column":16},"end":{"line":2,"column":26}},"1":{"start":{"line":3,"column":25},"end":{"line":3,"column":72}},"2":{"start":{"line":4,"column":2},"end":{"line":4,"column":24}},"3":{"start":{"line":1,"column":0},"end":{"line":1,"column":16}},"4":{"start":{"line":8,"column":22},"end":{"line":8,"column":32}},"5":{"start":{"line":9,"column":2},"end":{"line":9,"column":38}},"6":{"start":{"line":7,"column":0},"end":{"line":7,"column":16}}},"fnMap":{"0":{"name":"calculateExpirationTime","decl":{"start":{"line":1,"column":16},"end":{"line":1,"column":39}},"loc":{"start":{"line":1,"column":60},"end":{"line":5,"column":1}}},"1":{"name":"verifyExpiresToken","decl":{"start":{"line":7,"column":16},"end":{"line":7,"column":34}},"loc":{"start":{"line":7,"column":55},"end":{"line":10,"column":1}}}},"branchMap":{},"s":{"0":0,"1":0,"2":0,"3":1,"4":0,"5":0,"6":1},"f":{"0":0,"1":0},"b":{}}
,"D:\\Projetos\\estudos\\src\\presentation\\hooks\\usePagination.ts": {"path":"D:\\Projetos\\estudos\\src\\presentation\\hooks\\usePagination.ts","statementMap":{"0":{"start":{"line":1,"column":0},"end":{"line":1,"column":30}},"1":{"start":{"line":4,"column":40},"end":{"line":4,"column":51}},"2":{"start":{"line":7,"column":21},"end":{"line":7,"column":58}},"3":{"start":{"line":10,"column":21},"end":{"line":10,"column":53}},"4":{"start":{"line":11,"column":19},"end":{"line":11,"column":44}},"5":{"start":{"line":14,"column":26},"end":{"line":14,"column":58}},"6":{"start":{"line":18,"column":27},"end":{"line":24,"column":3}},"7":{"start":{"line":19,"column":4},"end":{"line":21,"column":5}},"8":{"start":{"line":20,"column":6},"end":{"line":20,"column":27}},"9":{"start":{"line":26,"column":2},"end":{"line":31,"column":null}},"10":{"start":{"line":3,"column":0},"end":{"line":3,"column":16}}},"fnMap":{"0":{"name":"usePagination","decl":{"start":{"line":3,"column":16},"end":{"line":3,"column":29}},"loc":{"start":{"line":3,"column":61},"end":{"line":32,"column":1}}},"1":{"name":"(anonymous_1)","decl":{"start":{"line":18,"column":27},"end":{"line":18,"column":28}},"loc":{"start":{"line":18,"column":44},"end":{"line":24,"column":3}}}},"branchMap":{"0":{"loc":{"start":{"line":19,"column":4},"end":{"line":21,"column":5}},"type":"if","locations":[{"start":{"line":19,"column":4},"end":{"line":21,"column":5}}]},"1":{"loc":{"start":{"line":19,"column":8},"end":{"line":19,"column":39}},"type":"binary-expr","locations":[{"start":{"line":19,"column":8},"end":{"line":19,"column":17}},{"start":{"line":19,"column":21},"end":{"line":19,"column":39}}]}},"s":{"0":0,"1":0,"2":0,"3":0,"4":0,"5":0,"6":0,"7":0,"8":0,"9":0,"10":0},"f":{"0":0,"1":0},"b":{"0":[0],"1":[0,0]}}
,"D:\\Projetos\\estudos\\src\\presentation\\hooks\\useResponsive.ts": {"path":"D:\\Projetos\\estudos\\src\\presentation\\hooks\\useResponsive.ts","statementMap":{"0":{"start":{"line":1,"column":0},"end":{"line":1,"column":44}},"1":{"start":{"line":7,"column":28},"end":{"line":7,"column":55}},"2":{"start":{"line":9,"column":2},"end":{"line":15,"column":null}},"3":{"start":{"line":10,"column":31},"end":{"line":10,"column":64}},"4":{"start":{"line":10,"column":37},"end":{"line":10,"column":64}},"5":{"start":{"line":11,"column":4},"end":{"line":11,"column":58}},"6":{"start":{"line":12,"column":4},"end":{"line":14,"column":6}},"7":{"start":{"line":13,"column":6},"end":{"line":13,"column":63}},"8":{"start":{"line":17,"column":2},"end":{"line":19,"column":3}},"9":{"start":{"line":18,"column":4},"end":{"line":18,"column":null}},"10":{"start":{"line":21,"column":2},"end":{"line":26,"column":3}},"11":{"start":{"line":22,"column":4},"end":{"line":22,"column":null}},"12":{"start":{"line":25,"column":4},"end":{"line":25,"column":null}},"13":{"start":{"line":5,"column":0},"end":{"line":5,"column":16}}},"fnMap":{"0":{"name":"useResponsive","decl":{"start":{"line":5,"column":16},"end":{"line":5,"column":29}},"loc":{"start":{"line":5,"column":29},"end":{"line":27,"column":1}}},"1":{"name":"(anonymous_1)","decl":{"start":{"line":9,"column":12},"end":{"line":9,"column":15}},"loc":{"start":{"line":9,"column":17},"end":{"line":15,"column":3}}},"2":{"name":"(anonymous_2)","decl":{"start":{"line":10,"column":31},"end":{"line":10,"column":34}},"loc":{"start":{"line":10,"column":37},"end":{"line":10,"column":64}}},"3":{"name":"(anonymous_3)","decl":{"start":{"line":12,"column":11},"end":{"line":12,"column":14}},"loc":{"start":{"line":12,"column":16},"end":{"line":14,"column":5}}}},"branchMap":{"0":{"loc":{"start":{"line":17,"column":2},"end":{"line":19,"column":3}},"type":"if","locations":[{"start":{"line":17,"column":2},"end":{"line":19,"column":3}}]},"1":{"loc":{"start":{"line":21,"column":2},"end":{"line":26,"column":3}},"type":"if","locations":[{"start":{"line":21,"column":2},"end":{"line":26,"column":3}},{"start":{"line":24,"column":7},"end":{"line":26,"column":3}}]},"2":{"loc":{"start":{"line":21,"column":5},"end":{"line":21,"column":34}},"type":"binary-expr","locations":[{"start":{"line":21,"column":5},"end":{"line":21,"column":17}},{"start":{"line":21,"column":21},"end":{"line":21,"column":34}}]}},"s":{"0":0,"1":0,"2":0,"3":0,"4":0,"5":0,"6":0,"7":0,"8":0,"9":0,"10":0,"11":0,"12":0,"13":0},"f":{"0":0,"1":0,"2":0,"3":0},"b":{"0":[0],"1":[0,0],"2":[0,0]}}
,"D:\\Projetos\\estudos\\src\\presentation\\hooks\\useStoreSelector.ts": {"path":"D:\\Projetos\\estudos\\src\\presentation\\hooks\\useStoreSelector.ts","statementMap":{"0":{"start":{"line":1,"column":0},"end":{"line":1,"column":64}},"1":{"start":{"line":4,"column":13},"end":{"line":4,"column":null}}},"fnMap":{},"branchMap":{},"s":{"0":3,"1":3},"f":{},"b":{}}
,"D:\\Projetos\\estudos\\src\\presentation\\layout\\authentication-layout.tsx": {"path":"D:\\Projetos\\estudos\\src\\presentation\\layout\\authentication-layout.tsx","statementMap":{"0":{"start":{"line":1,"column":0},"end":{"line":1,"column":42}},"1":{"start":{"line":2,"column":0},"end":{"line":2,"column":46}},"2":{"start":{"line":7,"column":2},"end":{"line":15,"column":4}},"3":{"start":{"line":5,"column":0},"end":{"line":5,"column":16}}},"fnMap":{"0":{"name":"AuthenticationLayout","decl":{"start":{"line":5,"column":16},"end":{"line":5,"column":36}},"loc":{"start":{"line":5,"column":36},"end":{"line":16,"column":1}}}},"branchMap":{},"s":{"0":0,"1":0,"2":0,"3":0},"f":{"0":0},"b":{}}
,"D:\\Projetos\\estudos\\src\\presentation\\pages\\sign-in\\Login\\index.tsx": {"path":"D:\\Projetos\\estudos\\src\\presentation\\pages\\sign-in\\Login\\index.tsx","statementMap":{"0":{"start":{"line":1,"column":0},"end":{"line":1,"column":43}},"1":{"start":{"line":2,"column":0},"end":{"line":2,"column":58}},"2":{"start":{"line":4,"column":0},"end":{"line":4,"column":57}},"3":{"start":{"line":5,"column":0},"end":{"line":5,"column":58}},"4":{"start":{"line":6,"column":0},"end":{"line":6,"column":23}},"5":{"start":{"line":7,"column":0},"end":{"line":7,"column":28}},"6":{"start":{"line":23,"column":6},"end":{"line":27,"column":4}},"7":{"start":{"line":29,"column":2},"end":{"line":89,"column":4}},"8":{"start":{"line":72,"column":37},"end":{"line":72,"column":74}},"9":{"start":{"line":9,"column":0},"end":{"line":9,"column":16}}},"fnMap":{"0":{"name":"Login","decl":{"start":{"line":9,"column":16},"end":{"line":9,"column":21}},"loc":{"start":{"line":13,"column":23},"end":{"line":90,"column":1}}},"1":{"name":"(anonymous_1)","decl":{"start":{"line":72,"column":31},"end":{"line":72,"column":34}},"loc":{"start":{"line":72,"column":37},"end":{"line":72,"column":74}}}},"branchMap":{"0":{"loc":{"start":{"line":68,"column":22},"end":{"line":68,"column":60}},"type":"cond-expr","locations":[{"start":{"line":68,"column":41},"end":{"line":68,"column":51}},{"start":{"line":68,"column":54},"end":{"line":68,"column":60}}]},"1":{"loc":{"start":{"line":73,"column":19},"end":{"line":73,"column":58}},"type":"cond-expr","locations":[{"start":{"line":73,"column":38},"end":{"line":73,"column":45}},{"start":{"line":73,"column":48},"end":{"line":73,"column":58}}]}},"s":{"0":1,"1":1,"2":1,"3":1,"4":1,"5":1,"6":1,"7":1,"8":0,"9":1},"f":{"0":1,"1":0},"b":{"0":[1,0],"1":[1,0]}}
,"D:\\Projetos\\estudos\\src\\presentation\\pages\\sign-in\\Login\\useLoginController.tsx": {"path":"D:\\Projetos\\estudos\\src\\presentation\\pages\\sign-in\\Login\\useLoginController.tsx","statementMap":{"0":{"start":{"line":1,"column":0},"end":{"line":1,"column":33}},"1":{"start":{"line":3,"column":0},"end":{"line":3,"column":47}},"2":{"start":{"line":5,"column":0},"end":{"line":5,"column":74}},"3":{"start":{"line":6,"column":0},"end":{"line":6,"column":57}},"4":{"start":{"line":7,"column":0},"end":{"line":7,"column":54}},"5":{"start":{"line":8,"column":0},"end":{"line":8,"column":51}},"6":{"start":{"line":10,"column":0},"end":{"line":10,"column":39}},"7":{"start":{"line":11,"column":0},"end":{"line":11,"column":76}},"8":{"start":{"line":12,"column":0},"end":{"line":12,"column":69}},"9":{"start":{"line":19,"column":49},"end":{"line":19,"column":63}},"10":{"start":{"line":21,"column":19},"end":{"line":21,"column":32}},"11":{"start":{"line":23,"column":22},"end":{"line":23,"column":42}},"12":{"start":{"line":25,"column":15},"end":{"line":27,"column":4}},"13":{"start":{"line":29,"column":62},"end":{"line":56,"column":3}},"14":{"start":{"line":32,"column":4},"end":{"line":55,"column":5}},"15":{"start":{"line":33,"column":27},"end":{"line":33,"column":73}},"16":{"start":{"line":35,"column":6},"end":{"line":37,"column":9}},"17":{"start":{"line":39,"column":6},"end":{"line":42,"column":8}},"18":{"start":{"line":45,"column":23},"end":{"line":45,"column":48}},"19":{"start":{"line":46,"column":31},"end":{"line":46,"column":39}},"20":{"start":{"line":48,"column":6},"end":{"line":48,"column":20}},"21":{"start":{"line":50,"column":6},"end":{"line":54,"column":7}},"22":{"start":{"line":51,"column":8},"end":{"line":51,"column":null}},"23":{"start":{"line":53,"column":8},"end":{"line":53,"column":null}},"24":{"start":{"line":59,"column":2},"end":{"line":65,"column":4}},"25":{"start":{"line":14,"column":0},"end":{"line":14,"column":16}}},"fnMap":{"0":{"name":"useLoginController","decl":{"start":{"line":14,"column":16},"end":{"line":14,"column":34}},"loc":{"start":{"line":18,"column":23},"end":{"line":66,"column":1}}},"1":{"name":"(anonymous_1)","decl":{"start":{"line":29,"column":62},"end":{"line":29,"column":67}},"loc":{"start":{"line":31,"column":6},"end":{"line":56,"column":3}}}},"branchMap":{"0":{"loc":{"start":{"line":50,"column":6},"end":{"line":54,"column":7}},"type":"if","locations":[{"start":{"line":50,"column":6},"end":{"line":54,"column":7}}]}},"s":{"0":1,"1":1,"2":1,"3":1,"4":1,"5":1,"6":1,"7":1,"8":1,"9":1,"10":1,"11":1,"12":1,"13":1,"14":0,"15":0,"16":0,"17":0,"18":0,"19":0,"20":0,"21":0,"22":0,"23":0,"24":1,"25":1},"f":{"0":1,"1":0},"b":{"0":[0]}}
,"D:\\Projetos\\estudos\\src\\presentation\\pages\\sign-in\\Login\\validation.ts": {"path":"D:\\Projetos\\estudos\\src\\presentation\\pages\\sign-in\\Login\\validation.ts","statementMap":{"0":{"start":{"line":1,"column":0},"end":{"line":1,"column":24}},"1":{"start":{"line":3,"column":13},"end":{"line":6,"column":3}}},"fnMap":{},"branchMap":{},"s":{"0":1,"1":1},"f":{},"b":{}}
,"D:\\Projetos\\estudos\\src\\presentation\\pages\\signed-in\\managaments\\products\\list\\index.tsx": {"path":"D:\\Projetos\\estudos\\src\\presentation\\pages\\signed-in\\managaments\\products\\list\\index.tsx","statementMap":{"0":{"start":{"line":1,"column":0},"end":{"line":1,"column":50}},"1":{"start":{"line":3,"column":0},"end":{"line":3,"column":72}},"2":{"start":{"line":5,"column":0},"end":{"line":5,"column":57}},"3":{"start":{"line":6,"column":0},"end":{"line":6,"column":58}},"4":{"start":{"line":7,"column":0},"end":{"line":7,"column":23}},"5":{"start":{"line":8,"column":0},"end":{"line":8,"column":56}},"6":{"start":{"line":18,"column":6},"end":{"line":20,"column":4}},"7":{"start":{"line":22,"column":2},"end":{"line":53,"column":4}},"8":{"start":{"line":34,"column":35},"end":{"line":34,"column":64}},"9":{"start":{"line":11,"column":0},"end":{"line":11,"column":16}}},"fnMap":{"0":{"name":"ListProducts","decl":{"start":{"line":11,"column":16},"end":{"line":11,"column":28}},"loc":{"start":{"line":11,"column":69},"end":{"line":54,"column":1}}},"1":{"name":"(anonymous_1)","decl":{"start":{"line":34,"column":24},"end":{"line":34,"column":25}},"loc":{"start":{"line":34,"column":35},"end":{"line":34,"column":64}}}},"branchMap":{},"s":{"0":0,"1":0,"2":0,"3":0,"4":0,"5":0,"6":0,"7":0,"8":0,"9":0},"f":{"0":0,"1":0},"b":{}}
,"D:\\Projetos\\estudos\\src\\presentation\\pages\\signed-in\\managaments\\products\\list\\useListProductsController.tsx": {"path":"D:\\Projetos\\estudos\\src\\presentation\\pages\\signed-in\\managaments\\products\\list\\useListProductsController.tsx","statementMap":{"0":{"start":{"line":1,"column":0},"end":{"line":1,"column":61}},"1":{"start":{"line":4,"column":0},"end":{"line":4,"column":69}},"2":{"start":{"line":5,"column":0},"end":{"line":5,"column":39}},"3":{"start":{"line":6,"column":0},"end":{"line":6,"column":74}},"4":{"start":{"line":7,"column":0},"end":{"line":7,"column":47}},"5":{"start":{"line":8,"column":0},"end":{"line":8,"column":72}},"6":{"start":{"line":9,"column":0},"end":{"line":9,"column":60}},"7":{"start":{"line":10,"column":0},"end":{"line":10,"column":43}},"8":{"start":{"line":11,"column":0},"end":{"line":11,"column":56}},"9":{"start":{"line":12,"column":0},"end":{"line":12,"column":67}},"10":{"start":{"line":13,"column":0},"end":{"line":13,"column":60}},"11":{"start":{"line":14,"column":0},"end":{"line":14,"column":67}},"12":{"start":{"line":16,"column":0},"end":{"line":16,"column":58}},"13":{"start":{"line":21,"column":32},"end":{"line":21,"column":47}},"14":{"start":{"line":22,"column":28},"end":{"line":22,"column":40}},"15":{"start":{"line":23,"column":34},"end":{"line":23,"column":64}},"16":{"start":{"line":24,"column":30},"end":{"line":24,"column":42}},"17":{"start":{"line":25,"column":21},"end":{"line":25,"column":41}},"18":{"start":{"line":26,"column":19},"end":{"line":26,"column":32}},"19":{"start":{"line":27,"column":21},"end":{"line":27,"column":36}},"20":{"start":{"line":28,"column":14},"end":{"line":28,"column":31}},"21":{"start":{"line":31,"column":4},"end":{"line":31,"column":26}},"22":{"start":{"line":35,"column":4},"end":{"line":39,"column":7}},"23":{"start":{"line":43,"column":4},"end":{"line":43,"column":36}},"24":{"start":{"line":46,"column":25},"end":{"line":59,"column":24}},"25":{"start":{"line":47,"column":29},"end":{"line":57,"column":6}},"26":{"start":{"line":48,"column":6},"end":{"line":56,"column":7}},"27":{"start":{"line":55,"column":8},"end":{"line":55,"column":21}},"28":{"start":{"line":58,"column":4},"end":{"line":58,"column":28}},"29":{"start":{"line":62,"column":4},"end":{"line":62,"column":21}},"30":{"start":{"line":64,"column":4},"end":{"line":80,"column":5}},"31":{"start":{"line":65,"column":23},"end":{"line":65,"column":43}},"32":{"start":{"line":67,"column":6},"end":{"line":67,"column":24}},"33":{"start":{"line":69,"column":6},"end":{"line":69,"column":30}},"34":{"start":{"line":70,"column":6},"end":{"line":77,"column":7}},"35":{"start":{"line":71,"column":8},"end":{"line":73,"column":11}},"36":{"start":{"line":74,"column":8},"end":{"line":74,"column":17}},"37":{"start":{"line":75,"column":13},"end":{"line":77,"column":7}},"38":{"start":{"line":76,"column":8},"end":{"line":76,"column":24}},"39":{"start":{"line":79,"column":6},"end":{"line":79,"column":24}},"40":{"start":{"line":84,"column":4},"end":{"line":84,"column":21}},"41":{"start":{"line":85,"column":4},"end":{"line":108,"column":5}},"42":{"start":{"line":88,"column":32},"end":{"line":88,"column":60}},"43":{"start":{"line":90,"column":6},"end":{"line":95,"column":7}},"44":{"start":{"line":91,"column":41},"end":{"line":92,"column":null}},"45":{"start":{"line":92,"column":23},"end":{"line":92,"column":45}},"46":{"start":{"line":94,"column":8},"end":{"line":94,"column":46}},"47":{"start":{"line":97,"column":6},"end":{"line":97,"column":20}},"48":{"start":{"line":99,"column":6},"end":{"line":99,"column":26}},"49":{"start":{"line":101,"column":6},"end":{"line":101,"column":20}},"50":{"start":{"line":103,"column":6},"end":{"line":105,"column":7}},"51":{"start":{"line":104,"column":8},"end":{"line":104,"column":24}},"52":{"start":{"line":107,"column":6},"end":{"line":107,"column":24}},"53":{"start":{"line":111,"column":18},"end":{"line":236,"column":4}},"54":{"start":{"line":112,"column":4},"end":{"line":118,"column":5}},"55":{"start":{"line":113,"column":6},"end":{"line":117,"column":8}},"56":{"start":{"line":120,"column":4},"end":{"line":128,"column":5}},"57":{"start":{"line":121,"column":6},"end":{"line":127,"column":8}},"58":{"start":{"line":130,"column":4},"end":{"line":216,"column":5}},"59":{"start":{"line":131,"column":6},"end":{"line":215,"column":7}},"60":{"start":{"line":132,"column":8},"end":{"line":199,"column":10}},"61":{"start":{"line":149,"column":20},"end":{"line":149,"column":null}},"62":{"start":{"line":180,"column":43},"end":{"line":180,"column":77}},"63":{"start":{"line":187,"column":43},"end":{"line":187,"column":66}},"64":{"start":{"line":201,"column":8},"end":{"line":214,"column":10}},"65":{"start":{"line":204,"column":14},"end":{"line":205,"column":null}},"66":{"start":{"line":207,"column":41},"end":{"line":207,"column":67}},"67":{"start":{"line":209,"column":18},"end":{"line":209,"column":55}},"68":{"start":{"line":218,"column":4},"end":{"line":228,"column":5}},"69":{"start":{"line":219,"column":6},"end":{"line":227,"column":8}},"70":{"start":{"line":238,"column":2},"end":{"line":240,"column":9}},"71":{"start":{"line":239,"column":4},"end":{"line":239,"column":18}},"72":{"start":{"line":242,"column":2},"end":{"line":251,"column":4}},"73":{"start":{"line":18,"column":0},"end":{"line":18,"column":16}}},"fnMap":{"0":{"name":"useListProductsController","decl":{"start":{"line":18,"column":16},"end":{"line":18,"column":41}},"loc":{"start":{"line":20,"column":30},"end":{"line":252,"column":1}}},"1":{"name":"handleToGoRegisterProduct","decl":{"start":{"line":30,"column":11},"end":{"line":30,"column":36}},"loc":{"start":{"line":30,"column":36},"end":{"line":32,"column":3}}},"2":{"name":"handleEditProduct","decl":{"start":{"line":34,"column":11},"end":{"line":34,"column":28}},"loc":{"start":{"line":34,"column":52},"end":{"line":40,"column":3}}},"3":{"name":"openModalHandleDeleteProduct","decl":{"start":{"line":42,"column":11},"end":{"line":42,"column":39}},"loc":{"start":{"line":42,"column":63},"end":{"line":44,"column":3}}},"4":{"name":"(anonymous_4)","decl":{"start":{"line":46,"column":33},"end":{"line":46,"column":36}},"loc":{"start":{"line":46,"column":38},"end":{"line":59,"column":3}}},"5":{"name":"(anonymous_5)","decl":{"start":{"line":47,"column":46},"end":{"line":47,"column":47}},"loc":{"start":{"line":47,"column":56},"end":{"line":57,"column":5}}},"6":{"name":"getProducts","decl":{"start":{"line":61,"column":17},"end":{"line":61,"column":28}},"loc":{"start":{"line":61,"column":28},"end":{"line":81,"column":3}}},"7":{"name":"onHandleDelete","decl":{"start":{"line":83,"column":17},"end":{"line":83,"column":31}},"loc":{"start":{"line":83,"column":42},"end":{"line":109,"column":3}}},"8":{"name":"(anonymous_8)","decl":{"start":{"line":92,"column":10},"end":{"line":92,"column":11}},"loc":{"start":{"line":92,"column":23},"end":{"line":92,"column":45}}},"9":{"name":"(anonymous_9)","decl":{"start":{"line":111,"column":26},"end":{"line":111,"column":29}},"loc":{"start":{"line":111,"column":31},"end":{"line":229,"column":3}}},"10":{"name":"(anonymous_10)","decl":{"start":{"line":148,"column":38},"end":{"line":148,"column":39}},"loc":{"start":{"line":149,"column":20},"end":{"line":149,"column":null}}},"11":{"name":"(anonymous_11)","decl":{"start":{"line":180,"column":37},"end":{"line":180,"column":40}},"loc":{"start":{"line":180,"column":43},"end":{"line":180,"column":77}}},"12":{"name":"(anonymous_12)","decl":{"start":{"line":187,"column":37},"end":{"line":187,"column":40}},"loc":{"start":{"line":187,"column":43},"end":{"line":187,"column":66}}},"13":{"name":"(anonymous_13)","decl":{"start":{"line":203,"column":32},"end":{"line":203,"column":33}},"loc":{"start":{"line":204,"column":14},"end":{"line":205,"column":null}}},"14":{"name":"(anonymous_14)","decl":{"start":{"line":207,"column":35},"end":{"line":207,"column":38}},"loc":{"start":{"line":207,"column":41},"end":{"line":207,"column":67}}},"15":{"name":"(anonymous_15)","decl":{"start":{"line":208,"column":46},"end":{"line":208,"column":49}},"loc":{"start":{"line":209,"column":18},"end":{"line":209,"column":55}}},"16":{"name":"(anonymous_16)","decl":{"start":{"line":238,"column":12},"end":{"line":238,"column":15}},"loc":{"start":{"line":238,"column":17},"end":{"line":240,"column":3}}}},"branchMap":{"0":{"loc":{"start":{"line":48,"column":6},"end":{"line":56,"column":7}},"type":"if","locations":[{"start":{"line":48,"column":6},"end":{"line":56,"column":7}}]},"1":{"loc":{"start":{"line":49,"column":8},"end":{"line":53,"column":47}},"type":"binary-expr","locations":[{"start":{"line":49,"column":8},"end":{"line":49,"column":76}},{"start":{"line":50,"column":8},"end":{"line":53,"column":47}}]},"2":{"loc":{"start":{"line":70,"column":6},"end":{"line":77,"column":7}},"type":"if","locations":[{"start":{"line":70,"column":6},"end":{"line":77,"column":7}},{"start":{"line":75,"column":13},"end":{"line":77,"column":7}}]},"3":{"loc":{"start":{"line":75,"column":13},"end":{"line":77,"column":7}},"type":"if","locations":[{"start":{"line":75,"column":13},"end":{"line":77,"column":7}}]},"4":{"loc":{"start":{"line":90,"column":6},"end":{"line":95,"column":7}},"type":"if","locations":[{"start":{"line":90,"column":6},"end":{"line":95,"column":7}}]},"5":{"loc":{"start":{"line":103,"column":6},"end":{"line":105,"column":7}},"type":"if","locations":[{"start":{"line":103,"column":6},"end":{"line":105,"column":7}}]},"6":{"loc":{"start":{"line":112,"column":4},"end":{"line":118,"column":5}},"type":"if","locations":[{"start":{"line":112,"column":4},"end":{"line":118,"column":5}}]},"7":{"loc":{"start":{"line":120,"column":4},"end":{"line":128,"column":5}},"type":"if","locations":[{"start":{"line":120,"column":4},"end":{"line":128,"column":5}}]},"8":{"loc":{"start":{"line":130,"column":4},"end":{"line":216,"column":5}},"type":"if","locations":[{"start":{"line":130,"column":4},"end":{"line":216,"column":5}}]},"9":{"loc":{"start":{"line":130,"column":8},"end":{"line":130,"column":55}},"type":"binary-expr","locations":[{"start":{"line":130,"column":8},"end":{"line":130,"column":16}},{"start":{"line":130,"column":20},"end":{"line":130,"column":26}},{"start":{"line":130,"column":30},"end":{"line":130,"column":55}}]},"10":{"loc":{"start":{"line":131,"column":6},"end":{"line":215,"column":7}},"type":"if","locations":[{"start":{"line":131,"column":6},"end":{"line":215,"column":7}},{"start":{"line":200,"column":13},"end":{"line":215,"column":7}}]},"11":{"loc":{"start":{"line":218,"column":4},"end":{"line":228,"column":5}},"type":"if","locations":[{"start":{"line":218,"column":4},"end":{"line":228,"column":5}}]}},"s":{"0":0,"1":0,"2":0,"3":0,"4":0,"5":0,"6":0,"7":0,"8":0,"9":0,"10":0,"11":0,"12":0,"13":0,"14":0,"15":0,"16":0,"17":0,"18":0,"19":0,"20":0,"21":0,"22":0,"23":0,"24":0,"25":0,"26":0,"27":0,"28":0,"29":0,"30":0,"31":0,"32":0,"33":0,"34":0,"35":0,"36":0,"37":0,"38":0,"39":0,"40":0,"41":0,"42":0,"43":0,"44":0,"45":0,"46":0,"47":0,"48":0,"49":0,"50":0,"51":0,"52":0,"53":0,"54":0,"55":0,"56":0,"57":0,"58":0,"59":0,"60":0,"61":0,"62":0,"63":0,"64":0,"65":0,"66":0,"67":0,"68":0,"69":0,"70":0,"71":0,"72":0,"73":0},"f":{"0":0,"1":0,"2":0,"3":0,"4":0,"5":0,"6":0,"7":0,"8":0,"9":0,"10":0,"11":0,"12":0,"13":0,"14":0,"15":0,"16":0},"b":{"0":[0],"1":[0,0],"2":[0,0],"3":[0],"4":[0],"5":[0],"6":[0],"7":[0],"8":[0],"9":[0,0,0],"10":[0,0],"11":[0]}}
,"D:\\Projetos\\estudos\\src\\presentation\\pages\\signed-in\\managaments\\products\\list\\local-components\\card-mobile\\index.tsx": {"path":"D:\\Projetos\\estudos\\src\\presentation\\pages\\signed-in\\managaments\\products\\list\\local-components\\card-mobile\\index.tsx","statementMap":{"0":{"start":{"line":1,"column":0},"end":{"line":1,"column":67}},"1":{"start":{"line":2,"column":0},"end":{"line":2,"column":56}},"2":{"start":{"line":4,"column":0},"end":{"line":4,"column":43}},"3":{"start":{"line":5,"column":0},"end":{"line":5,"column":58}},"4":{"start":{"line":15,"column":2},"end":{"line":60,"column":null}},"5":{"start":{"line":46,"column":25},"end":{"line":46,"column":62}},"6":{"start":{"line":54,"column":25},"end":{"line":54,"column":51}},"7":{"start":{"line":8,"column":0},"end":{"line":8,"column":16}}},"fnMap":{"0":{"name":"CardMobile","decl":{"start":{"line":8,"column":16},"end":{"line":8,"column":26}},"loc":{"start":{"line":12,"column":8},"end":{"line":61,"column":1}}},"1":{"name":"(anonymous_1)","decl":{"start":{"line":46,"column":19},"end":{"line":46,"column":22}},"loc":{"start":{"line":46,"column":25},"end":{"line":46,"column":62}}},"2":{"name":"(anonymous_2)","decl":{"start":{"line":54,"column":19},"end":{"line":54,"column":22}},"loc":{"start":{"line":54,"column":25},"end":{"line":54,"column":51}}}},"branchMap":{},"s":{"0":1,"1":1,"2":1,"3":1,"4":1,"5":0,"6":0,"7":1},"f":{"0":1,"1":0,"2":0},"b":{}}
,"D:\\Projetos\\estudos\\src\\presentation\\pages\\signed-in\\managaments\\products\\register\\index.tsx": {"path":"D:\\Projetos\\estudos\\src\\presentation\\pages\\signed-in\\managaments\\products\\register\\index.tsx","statementMap":{"0":{"start":{"line":2,"column":0},"end":{"line":2,"column":78}},"1":{"start":{"line":3,"column":0},"end":{"line":3,"column":56}},"2":{"start":{"line":4,"column":0},"end":{"line":4,"column":58}},"3":{"start":{"line":18,"column":6},"end":{"line":18,"column":47}},"4":{"start":{"line":23,"column":2},"end":{"line":110,"column":null}},"5":{"start":{"line":79,"column":18},"end":{"line":79,"column":51}},"6":{"start":{"line":6,"column":0},"end":{"line":6,"column":16}}},"fnMap":{"0":{"name":"RegisterProducts","decl":{"start":{"line":6,"column":16},"end":{"line":6,"column":32}},"loc":{"start":{"line":6,"column":77},"end":{"line":111,"column":1}}},"1":{"name":"(anonymous_1)","decl":{"start":{"line":78,"column":28},"end":{"line":78,"column":29}},"loc":{"start":{"line":79,"column":18},"end":{"line":79,"column":51}}}},"branchMap":{"0":{"loc":{"start":{"line":26,"column":9},"end":{"line":26,"column":57}},"type":"cond-expr","locations":[{"start":{"line":26,"column":18},"end":{"line":26,"column":35}},{"start":{"line":26,"column":38},"end":{"line":26,"column":57}}]},"1":{"loc":{"start":{"line":104,"column":46},"end":{"line":104,"column":69}},"type":"binary-expr","locations":[{"start":{"line":104,"column":46},"end":{"line":104,"column":58}},{"start":{"line":104,"column":62},"end":{"line":104,"column":69}}]},"2":{"loc":{"start":{"line":105,"column":18},"end":{"line":105,"column":50}},"type":"cond-expr","locations":[{"start":{"line":105,"column":27},"end":{"line":105,"column":36}},{"start":{"line":105,"column":39},"end":{"line":105,"column":50}}]}},"s":{"0":1,"1":1,"2":1,"3":4,"4":4,"5":12,"6":1},"f":{"0":4,"1":12},"b":{"0":[2,2],"1":[4,4],"2":[2,2]}}
,"D:\\Projetos\\estudos\\src\\presentation\\pages\\signed-in\\managaments\\products\\register\\useRegisterProductController.tsx": {"path":"D:\\Projetos\\estudos\\src\\presentation\\pages\\signed-in\\managaments\\products\\register\\useRegisterProductController.tsx","statementMap":{"0":{"start":{"line":1,"column":0},"end":{"line":1,"column":54}},"1":{"start":{"line":2,"column":0},"end":{"line":2,"column":32}},"2":{"start":{"line":3,"column":0},"end":{"line":3,"column":57}},"3":{"start":{"line":4,"column":0},"end":{"line":4,"column":59}},"4":{"start":{"line":6,"column":0},"end":{"line":6,"column":55}},"5":{"start":{"line":8,"column":0},"end":{"line":8,"column":39}},"6":{"start":{"line":9,"column":0},"end":{"line":9,"column":69}},"7":{"start":{"line":10,"column":0},"end":{"line":10,"column":74}},"8":{"start":{"line":14,"column":32},"end":{"line":14,"column":47}},"9":{"start":{"line":15,"column":21},"end":{"line":15,"column":41}},"10":{"start":{"line":16,"column":19},"end":{"line":16,"column":32}},"11":{"start":{"line":17,"column":19},"end":{"line":17,"column":32}},"12":{"start":{"line":18,"column":33},"end":{"line":18,"column":56}},"13":{"start":{"line":23,"column":15},"end":{"line":38,"column":4}},"14":{"start":{"line":41,"column":4},"end":{"line":41,"column":null}},"15":{"start":{"line":44,"column":34},"end":{"line":48,"column":null}},"16":{"start":{"line":50,"column":65},"end":{"line":78,"column":3}},"17":{"start":{"line":51,"column":4},"end":{"line":51,"column":21}},"18":{"start":{"line":53,"column":4},"end":{"line":77,"column":5}},"19":{"start":{"line":54,"column":38},"end":{"line":60,"column":null}},"20":{"start":{"line":62,"column":6},"end":{"line":66,"column":7}},"21":{"start":{"line":63,"column":8},"end":{"line":63,"column":null}},"22":{"start":{"line":65,"column":8},"end":{"line":65,"column":null}},"23":{"start":{"line":68,"column":6},"end":{"line":68,"column":null}},"24":{"start":{"line":70,"column":6},"end":{"line":75,"column":7}},"25":{"start":{"line":71,"column":8},"end":{"line":73,"column":11}},"26":{"start":{"line":74,"column":8},"end":{"line":74,"column":17}},"27":{"start":{"line":82,"column":60},"end":{"line":111,"column":3}},"28":{"start":{"line":83,"column":4},"end":{"line":83,"column":null}},"29":{"start":{"line":84,"column":4},"end":{"line":110,"column":5}},"30":{"start":{"line":85,"column":6},"end":{"line":92,"column":null}},"31":{"start":{"line":94,"column":6},"end":{"line":94,"column":null}},"32":{"start":{"line":95,"column":6},"end":{"line":95,"column":null}},"33":{"start":{"line":100,"column":6},"end":{"line":100,"column":null}},"34":{"start":{"line":102,"column":6},"end":{"line":107,"column":7}},"35":{"start":{"line":103,"column":8},"end":{"line":105,"column":11}},"36":{"start":{"line":106,"column":8},"end":{"line":106,"column":17}},"37":{"start":{"line":109,"column":6},"end":{"line":109,"column":null}},"38":{"start":{"line":114,"column":62},"end":{"line":135,"column":3}},"39":{"start":{"line":115,"column":4},"end":{"line":115,"column":null}},"40":{"start":{"line":116,"column":4},"end":{"line":134,"column":5}},"41":{"start":{"line":118,"column":6},"end":{"line":124,"column":null}},"42":{"start":{"line":126,"column":6},"end":{"line":126,"column":null}},"43":{"start":{"line":127,"column":6},"end":{"line":127,"column":null}},"44":{"start":{"line":128,"column":6},"end":{"line":128,"column":null}},"45":{"start":{"line":131,"column":6},"end":{"line":131,"column":33}},"46":{"start":{"line":133,"column":6},"end":{"line":133,"column":null}},"47":{"start":{"line":140,"column":2},"end":{"line":146,"column":null}},"48":{"start":{"line":13,"column":0},"end":{"line":13,"column":16}}},"fnMap":{"0":{"name":"useRegisterProductController","decl":{"start":{"line":13,"column":16},"end":{"line":13,"column":44}},"loc":{"start":{"line":13,"column":89},"end":{"line":147,"column":1}}},"1":{"name":"handleResetForm","decl":{"start":{"line":40,"column":11},"end":{"line":40,"column":26}},"loc":{"start":{"line":40,"column":26},"end":{"line":42,"column":3}}},"2":{"name":"(anonymous_2)","decl":{"start":{"line":50,"column":65},"end":{"line":50,"column":70}},"loc":{"start":{"line":50,"column":99},"end":{"line":78,"column":3}}},"3":{"name":"(anonymous_3)","decl":{"start":{"line":82,"column":60},"end":{"line":82,"column":65}},"loc":{"start":{"line":82,"column":94},"end":{"line":111,"column":3}}},"4":{"name":"(anonymous_4)","decl":{"start":{"line":114,"column":62},"end":{"line":114,"column":67}},"loc":{"start":{"line":114,"column":96},"end":{"line":135,"column":3}}}},"branchMap":{"0":{"loc":{"start":{"line":62,"column":6},"end":{"line":66,"column":7}},"type":"if","locations":[{"start":{"line":62,"column":6},"end":{"line":66,"column":7}},{"start":{"line":64,"column":13},"end":{"line":66,"column":7}}]},"1":{"loc":{"start":{"line":70,"column":6},"end":{"line":75,"column":7}},"type":"if","locations":[{"start":{"line":70,"column":6},"end":{"line":75,"column":7}}]},"2":{"loc":{"start":{"line":102,"column":6},"end":{"line":107,"column":7}},"type":"if","locations":[{"start":{"line":102,"column":6},"end":{"line":107,"column":7}}]}},"s":{"0":1,"1":1,"2":1,"3":1,"4":1,"5":1,"6":1,"7":1,"8":4,"9":4,"10":4,"11":4,"12":4,"13":4,"14":0,"15":4,"16":4,"17":0,"18":0,"19":0,"20":0,"21":0,"22":0,"23":0,"24":0,"25":0,"26":0,"27":4,"28":0,"29":0,"30":0,"31":0,"32":0,"33":0,"34":0,"35":0,"36":0,"37":0,"38":4,"39":0,"40":0,"41":0,"42":0,"43":0,"44":0,"45":0,"46":0,"47":4,"48":1},"f":{"0":4,"1":0,"2":0,"3":0,"4":0},"b":{"0":[0,0],"1":[0],"2":[0]}}
,"D:\\Projetos\\estudos\\src\\presentation\\pages\\signed-in\\managaments\\products\\register\\validation.ts": {"path":"D:\\Projetos\\estudos\\src\\presentation\\pages\\signed-in\\managaments\\products\\register\\validation.ts","statementMap":{"0":{"start":{"line":1,"column":0},"end":{"line":1,"column":24}},"1":{"start":{"line":2,"column":0},"end":{"line":2,"column":49}},"2":{"start":{"line":5,"column":13},"end":{"line":11,"column":3}}},"fnMap":{},"branchMap":{},"s":{"0":1,"1":1,"2":1},"f":{},"b":{}}
}
